[debug] [2024-09-24T10:04:16.529Z] ----------------------------------------------------------------------
[debug] [2024-09-24T10:04:16.536Z] Command:       /opt/homebrew/Cellar/node/22.7.0/bin/node /opt/homebrew/bin/firebase projects:list
[debug] [2024-09-24T10:04:16.537Z] CLI Version:   13.19.0
[debug] [2024-09-24T10:04:16.537Z] Platform:      darwin
[debug] [2024-09-24T10:04:16.537Z] Node Version:  v22.7.0
[debug] [2024-09-24T10:04:16.538Z] Time:          Tue Sep 24 2024 18:04:16 GMT+0800 (Malaysia Time)
[debug] [2024-09-24T10:04:16.538Z] ----------------------------------------------------------------------
[debug] 
[debug] [2024-09-24T10:04:16.540Z] >>> [apiv2][query] GET https://firebase-public.firebaseio.com/cli.json [none]
[debug] [2024-09-24T10:04:16.566Z] > command requires scopes: ["email","openid","https://www.googleapis.com/auth/cloudplatformprojects.readonly","https://www.googleapis.com/auth/firebase","https://www.googleapis.com/auth/cloud-platform"]
[debug] [2024-09-24T10:04:16.566Z] > authorizing via signed-in user (endorphinians@gmail.com)
[debug] [2024-09-24T10:04:16.571Z] > refreshing access token with scopes: []
[debug] [2024-09-24T10:04:16.572Z] >>> [apiv2][query] POST https://www.googleapis.com/oauth2/v3/token [none]
[debug] [2024-09-24T10:04:16.572Z] >>> [apiv2][body] POST https://www.googleapis.com/oauth2/v3/token [omitted]
[debug] [2024-09-24T10:04:16.789Z] *** [apiv2] error from fetch(https://www.googleapis.com/oauth2/v3/token, {"headers":{},"method":"POST","body":{"_overheadLength":545,"_valueLength":212,"_valuesToMeasure":[],"writable":false,"readable":true,"dataSize":0,"maxDataSize":2097152,"pauseStreams":true,"_released":true,"_streams":[],"_currentStream":null,"_insideLoop":false,"_pendingNext":false,"_boundary":"--------------------------632954649778391493782961","_events":{},"_eventsCount":1}}): FetchError: request to https://www.googleapis.com/oauth2/v3/token failed, reason: unable to get local issuer certificate
[debug] [2024-09-24T10:04:16.789Z] Authentication Error: Your credentials are no longer valid. Please run firebase login --reauth

For CI servers and headless environments, generate a new token with firebase login:ci
[debug] [2024-09-24T10:04:16.868Z] FirebaseError: Authentication Error: Your credentials are no longer valid. Please run firebase login --reauth

For CI servers and headless environments, generate a new token with firebase login:ci
    at invalidCredentialError (/opt/homebrew/lib/node_modules/firebase-tools/lib/auth.js:140:12)
    at refreshTokens (/opt/homebrew/lib/node_modules/firebase-tools/lib/auth.js:514:15)
    at process.processTicksAndRejections (node:internal/process/task_queues:105:5)
    at async getAccessToken (/opt/homebrew/lib/node_modules/firebase-tools/lib/apiv2.js:40:18)
    at async Client.addAuthHeader (/opt/homebrew/lib/node_modules/firebase-tools/lib/apiv2.js:167:21)
    at async Client.request (/opt/homebrew/lib/node_modules/firebase-tools/lib/apiv2.js:118:34)
    at async getProjectPage (/opt/homebrew/lib/node_modules/firebase-tools/lib/management/projects.js:238:17)
    at async getFirebaseProjectPage (/opt/homebrew/lib/node_modules/firebase-tools/lib/management/projects.js:255:23)
    at async listFirebaseProjects (/opt/homebrew/lib/node_modules/firebase-tools/lib/management/projects.js:286:29)
    at async Command.actionFn (/opt/homebrew/lib/node_modules/firebase-tools/lib/commands/projects-list.js:51:20)
[error] 
[error] Error: Failed to list Firebase projects. See firebase-debug.log for more info.
